[
  {
    "EventID": 4624,
    "Channel": "Security",
    "Computer": "MGMT-VELO-01.ent.example.local",
    "TimeCreated": "2026-04-21 02:14:08.412",
    "EventRecordID": 1284401,
    "SubjectUserSid": "S-1-5-18",
    "SubjectUserName": "MGMT-VELO-01$",
    "SubjectDomainName": "ENT",
    "SubjectLogonId": "0x3e7",
    "TargetUserSid": "S-1-5-21-3815947210-2104511248-1009147533-1167",
    "TargetUserName": "svc-velolink",
    "TargetDomainName": "ENT",
    "TargetLogonId": "0x18a4e21",
    "LogonType": 5,
    "LogonProcessName": "Advapi",
    "AuthenticationPackageName": "Negotiate",
    "WorkstationName": "-",
    "LogonGuid": "{00000000-0000-0000-0000-000000000000}",
    "ProcessId": "0x334",
    "ProcessName": "C:\\Windows\\System32\\services.exe",
    "IpAddress": "-",
    "IpPort": "-",
    "ImpersonationLevel": "%%1833",
    "VirtualAccount": "%%1843",
    "ElevatedToken": "%%1842"
  },
  {
    "EventID": 4672,
    "Channel": "Security",
    "Computer": "MGMT-VELO-01.ent.example.local",
    "TimeCreated": "2026-04-21 02:14:08.428",
    "EventRecordID": 1284402,
    "SubjectUserSid": "S-1-5-21-3815947210-2104511248-1009147533-1167",
    "SubjectUserName": "svc-velolink",
    "SubjectDomainName": "ENT",
    "SubjectLogonId": "0x18a4e21",
    "PrivilegeList": "SeAssignPrimaryTokenPrivilege SeTcbPrivilege SeSecurityPrivilege SeTakeOwnershipPrivilege SeLoadDriverPrivilege SeBackupPrivilege SeRestorePrivilege SeDebugPrivilege SeAuditPrivilege SeSystemEnvironmentPrivilege SeImpersonatePrivilege"
  },
  {
    "EventID": 4624,
    "Channel": "Security",
    "Computer": "CA01.ent.example.local",
    "TimeCreated": "2026-04-21 02:42:04.117",
    "EventRecordID": 9817332,
    "SubjectUserSid": "S-1-0-0",
    "SubjectUserName": "-",
    "SubjectDomainName": "-",
    "SubjectLogonId": "0x0",
    "TargetUserSid": "S-1-5-21-3815947210-2104511248-1009147533-1000",
    "TargetUserName": "DC01$",
    "TargetDomainName": "ENT",
    "TargetLogonId": "0x4f81b3a",
    "LogonType": 3,
    "LogonProcessName": "NtLmSsp ",
    "AuthenticationPackageName": "NTLM",
    "LmPackageName": "NTLM V2",
    "KeyLength": 128,
    "WorkstationName": "MGMT-VELO-01",
    "LogonGuid": "{00000000-0000-0000-0000-000000000000}",
    "TransmittedServices": "-",
    "ProcessId": "0x0",
    "ProcessName": "-",
    "IpAddress": "10.50.10.40",
    "IpPort": "49733",
    "ImpersonationLevel": "%%1833",
    "RestrictedAdminMode": "-"
  },
  {
    "EventID": 4886,
    "Channel": "Microsoft-Windows-CertificationAuthority/Operational",
    "Computer": "CA01.ent.example.local",
    "TimeCreated": "2026-04-21 02:42:05.882",
    "EventRecordID": 18244,
    "RequestId": "0x6e21",
    "Requester": "ENT\\DC01$",
    "Attributes": "CertificateTemplate:DomainController\nSAN:upn=DC01$@ent.example.local,dns=DC01.ent.example.local"
  },
  {
    "EventID": 4887,
    "Channel": "Microsoft-Windows-CertificationAuthority/Operational",
    "Computer": "CA01.ent.example.local",
    "TimeCreated": "2026-04-21 02:42:07.149",
    "EventRecordID": 18245,
    "RequestId": "0x6e21",
    "Requester": "ENT\\DC01$",
    "Attributes": "CertificateTemplate:DomainController\nSAN:upn=DC01$@ent.example.local,dns=DC01.ent.example.local\nccm:MGMT-VELO-01.ent.example.local",
    "Disposition": "Issued",
    "SubjectKeyIdentifier": "1f4a8c93d7e6b04f9c8a5e213b87fd0e6c449128",
    "CertificateHash": "8B3CF24DA9701E5C8D6B2197A0EAF35C66D9148E",
    "SerialNumber": "1d000022e1d8b50f97c1cba8f7000000022e1d8"
  },
  {
    "EventID": 4768,
    "Channel": "Security",
    "Computer": "DC01.ent.example.local",
    "TimeCreated": "2026-04-21 02:42:32.601",
    "EventRecordID": 14523109,
    "TargetUserName": "DC01$",
    "TargetDomainName": "ENT.EXAMPLE.LOCAL",
    "TargetSid": "S-1-5-21-3815947210-2104511248-1009147533-1000",
    "ServiceName": "krbtgt",
    "ServiceSid": "S-1-5-21-3815947210-2104511248-1009147533-502",
    "TicketOptions": "0x40810010",
    "Status": "0x0",
    "TicketEncryptionType": "0x12",
    "PreAuthType": "16",
    "IpAddress": "10.50.10.40",
    "IpPort": "50217",
    "CertIssuerName": "ent-CA01-CA",
    "CertSerialNumber": "1d000022e1d8b50f97c1cba8f7000000022e1d8",
    "CertThumbprint": "8B3CF24DA9701E5C8D6B2197A0EAF35C66D9148E",
    "LogonGuid": "{4E1F2A30-9B6C-4F75-A18E-3A7D2C5E4F11}"
  },
  {
    "EventID": 4768,
    "Channel": "Security",
    "Computer": "DC01.ent.example.local",
    "TimeCreated": "2026-04-21 02:43:11.244",
    "EventRecordID": 14523211,
    "TargetUserName": "DC01$",
    "TargetDomainName": "ENT.EXAMPLE.LOCAL",
    "TargetSid": "S-1-5-21-3815947210-2104511248-1009147533-1000",
    "ServiceName": "krbtgt",
    "ServiceSid": "S-1-5-21-3815947210-2104511248-1009147533-502",
    "TicketOptions": "0x40810010",
    "Status": "0x0",
    "TicketEncryptionType": "0x12",
    "PreAuthType": "2",
    "IpAddress": "10.50.30.7",
    "IpPort": "51883"
  },
  {
    "EventID": 4768,
    "Channel": "Security",
    "Computer": "DC01.ent.example.local",
    "TimeCreated": "2026-04-21 02:44:02.778",
    "EventRecordID": 14523308,
    "TargetUserName": "DC01$",
    "TargetDomainName": "ENT.EXAMPLE.LOCAL",
    "TargetSid": "S-1-5-21-3815947210-2104511248-1009147533-1000",
    "ServiceName": "krbtgt",
    "ServiceSid": "S-1-5-21-3815947210-2104511248-1009147533-502",
    "TicketOptions": "0x40810010",
    "Status": "0x0",
    "TicketEncryptionType": "0x12",
    "PreAuthType": "2",
    "IpAddress": "10.50.40.89",
    "IpPort": "52401"
  },
  {
    "EventID": 4768,
    "Channel": "Security",
    "Computer": "DC01.ent.example.local",
    "TimeCreated": "2026-04-21 02:45:18.039",
    "EventRecordID": 14523417,
    "TargetUserName": "DC01$",
    "TargetDomainName": "ENT.EXAMPLE.LOCAL",
    "TargetSid": "S-1-5-21-3815947210-2104511248-1009147533-1000",
    "ServiceName": "krbtgt",
    "ServiceSid": "S-1-5-21-3815947210-2104511248-1009147533-502",
    "TicketOptions": "0x40810010",
    "Status": "0x0",
    "TicketEncryptionType": "0x12",
    "PreAuthType": "2",
    "IpAddress": "10.50.20.52",
    "IpPort": "53129"
  },
  {
    "EventID": 4624,
    "Channel": "Security",
    "Computer": "DC01.ent.example.local",
    "TimeCreated": "2026-04-21 03:05:14.778",
    "EventRecordID": 14524008,
    "SubjectUserSid": "S-1-5-21-3815947210-2104511248-1009147533-1000",
    "SubjectUserName": "DC01$",
    "SubjectDomainName": "ENT",
    "SubjectLogonId": "0x4f81b3a",
    "TargetUserSid": "S-1-5-21-3815947210-2104511248-1009147533-500",
    "TargetUserName": "domadmin",
    "TargetDomainName": "ENT",
    "TargetLogonId": "0x4f8edaa",
    "LogonType": 9,
    "LogonProcessName": "seclogo",
    "AuthenticationPackageName": "Negotiate",
    "WorkstationName": "DC01",
    "LogonGuid": "{4E1F2A30-9B6C-4F75-A18E-3A7D2C5E4F11}",
    "TransmittedServices": "-",
    "ProcessId": "0x10b0",
    "ProcessName": "C:\\Windows\\System32\\Rubeus.exe",
    "IpAddress": "10.50.10.40",
    "IpPort": "0",
    "ImpersonationLevel": "%%1833",
    "TargetOutboundUserName": "domadmin",
    "TargetOutboundDomainName": "ENT"
  },
  {
    "EventID": 4672,
    "Channel": "Security",
    "Computer": "DC01.ent.example.local",
    "TimeCreated": "2026-04-21 03:05:14.789",
    "EventRecordID": 14524009,
    "SubjectUserSid": "S-1-5-21-3815947210-2104511248-1009147533-500",
    "SubjectUserName": "domadmin",
    "SubjectDomainName": "ENT",
    "SubjectLogonId": "0x4f8edaa",
    "PrivilegeList": "SeSecurityPrivilege SeBackupPrivilege SeRestorePrivilege SeTakeOwnershipPrivilege SeDebugPrivilege SeSystemEnvironmentPrivilege SeLoadDriverPrivilege SeImpersonatePrivilege SeEnableDelegationPrivilege"
  },
  {
    "EventID": 4769,
    "Channel": "Security",
    "Computer": "DC01.ent.example.local",
    "TimeCreated": "2026-04-21 03:05:47.992",
    "EventRecordID": 14524117,
    "TargetUserName": "domadmin@ENT.EXAMPLE.LOCAL",
    "TargetDomainName": "ENT.EXAMPLE.LOCAL",
    "ServiceName": "DC01$",
    "ServiceSid": "S-1-5-21-3815947210-2104511248-1009147533-1000",
    "TicketOptions": "0x40810000",
    "TicketEncryptionType": "0x12",
    "IpAddress": "10.50.10.40",
    "IpPort": "54219",
    "Status": "0x0",
    "LogonGuid": "{4E1F2A30-9B6C-4F75-A18E-3A7D2C5E4F11}",
    "TransmittedServices": "-"
  },
  {
    "EventID": 4624,
    "Channel": "Security",
    "Computer": "DC01.ent.example.local",
    "TimeCreated": "2026-04-21 03:05:48.234",
    "EventRecordID": 14524122,
    "SubjectUserSid": "S-1-0-0",
    "SubjectUserName": "-",
    "SubjectDomainName": "-",
    "SubjectLogonId": "0x0",
    "TargetUserSid": "S-1-5-21-3815947210-2104511248-1009147533-500",
    "TargetUserName": "domadmin",
    "TargetDomainName": "ENT",
    "TargetLogonId": "0x4f90041",
    "LogonType": 3,
    "LogonProcessName": "Kerberos",
    "AuthenticationPackageName": "Kerberos",
    "WorkstationName": "MGMT-VELO-01",
    "LogonGuid": "{4E1F2A30-9B6C-4F75-A18E-3A7D2C5E4F11}",
    "TransmittedServices": "-",
    "ProcessId": "0x0",
    "ProcessName": "-",
    "IpAddress": "10.50.10.40",
    "IpPort": "54241",
    "ImpersonationLevel": "%%1840"
  },
  {
    "EventID": 4769,
    "Channel": "Security",
    "Computer": "DC01.ent.example.local",
    "TimeCreated": "2026-04-21 03:06:20.413",
    "EventRecordID": 14524219,
    "TargetUserName": "domadmin@ENT.EXAMPLE.LOCAL",
    "TargetDomainName": "ENT.EXAMPLE.LOCAL",
    "ServiceName": "FS-DATA-02$",
    "ServiceSid": "S-1-5-21-3815947210-2104511248-1009147533-1437",
    "TicketOptions": "0x40810000",
    "TicketEncryptionType": "0x12",
    "IpAddress": "10.50.10.40",
    "IpPort": "54712",
    "Status": "0x0",
    "LogonGuid": "{4E1F2A30-9B6C-4F75-A18E-3A7D2C5E4F11}"
  },
  {
    "EventID": 4624,
    "Channel": "Security",
    "Computer": "FS-DATA-02.ent.example.local",
    "TimeCreated": "2026-04-21 03:06:21.077",
    "EventRecordID": 7715602,
    "SubjectUserSid": "S-1-0-0",
    "SubjectUserName": "-",
    "SubjectDomainName": "-",
    "SubjectLogonId": "0x0",
    "TargetUserSid": "S-1-5-21-3815947210-2104511248-1009147533-500",
    "TargetUserName": "domadmin",
    "TargetDomainName": "ENT",
    "TargetLogonId": "0x9c1b88",
    "LogonType": 3,
    "LogonProcessName": "Kerberos",
    "AuthenticationPackageName": "Kerberos",
    "WorkstationName": "MGMT-VELO-01",
    "LogonGuid": "{4E1F2A30-9B6C-4F75-A18E-3A7D2C5E4F11}",
    "TransmittedServices": "-",
    "ProcessId": "0x0",
    "ProcessName": "-",
    "IpAddress": "10.50.10.40",
    "IpPort": "55102"
  },
  {
    "EventID": 4769,
    "Channel": "Security",
    "Computer": "DC01.ent.example.local",
    "TimeCreated": "2026-04-21 03:07:14.118",
    "EventRecordID": 14524338,
    "TargetUserName": "domadmin@ENT.EXAMPLE.LOCAL",
    "TargetDomainName": "ENT.EXAMPLE.LOCAL",
    "ServiceName": "WS-FIN-09$",
    "ServiceSid": "S-1-5-21-3815947210-2104511248-1009147533-2891",
    "TicketOptions": "0x40810000",
    "TicketEncryptionType": "0x12",
    "IpAddress": "10.50.10.40",
    "IpPort": "55488",
    "Status": "0x0",
    "LogonGuid": "{4E1F2A30-9B6C-4F75-A18E-3A7D2C5E4F11}"
  },
  {
    "EventID": 4624,
    "Channel": "Security",
    "Computer": "WS-FIN-09.ent.example.local",
    "TimeCreated": "2026-04-21 03:07:15.512",
    "EventRecordID": 318774,
    "SubjectUserSid": "S-1-0-0",
    "SubjectUserName": "-",
    "SubjectDomainName": "-",
    "SubjectLogonId": "0x0",
    "TargetUserSid": "S-1-5-21-3815947210-2104511248-1009147533-500",
    "TargetUserName": "domadmin",
    "TargetDomainName": "ENT",
    "TargetLogonId": "0x4b2778",
    "LogonType": 3,
    "LogonProcessName": "NtLmSsp ",
    "AuthenticationPackageName": "NTLM",
    "LmPackageName": "NTLM V2",
    "KeyLength": 128,
    "WorkstationName": "MGMT-VELO-01",
    "LogonGuid": "{00000000-0000-0000-0000-000000000000}",
    "TransmittedServices": "-",
    "ProcessId": "0x0",
    "ProcessName": "-",
    "IpAddress": "10.50.10.40",
    "IpPort": "55891"
  },
  {
    "EventID": 5136,
    "Channel": "Security",
    "Computer": "DC01.ent.example.local",
    "TimeCreated": "2026-04-21 03:11:14.821",
    "EventRecordID": 14524901,
    "SubjectUserSid": "S-1-5-21-3815947210-2104511248-1009147533-500",
    "SubjectUserName": "domadmin",
    "SubjectDomainName": "ENT",
    "SubjectLogonId": "0x4f90041",
    "DSName": "ent.example.local",
    "DSType": "%%14676",
    "ObjectDN": "CN=AdminSDHolder,CN=System,DC=ent,DC=example,DC=local",
    "ObjectGUID": "{8847F30C-3D9B-4D52-9C61-FE5238EE2C09}",
    "ObjectClass": "container",
    "AttributeLDAPDisplayName": "nTSecurityDescriptor",
    "AttributeSyntaxOID": "2.5.5.15",
    "AttributeValue": "O:DAG:DUD:AI(A;CI;LCRPLORC;;;ENT\\svc-velolink)(A;CIIO;GA;;;ENT\\svc-velolink)...",
    "OperationType": "%%14674",
    "OpCorrelationID": "{1d8b5097-c1cb-a8f7-0000-0000022e1d8b}"
  },
  {
    "EventID": 4634,
    "Channel": "Security",
    "Computer": "DC01.ent.example.local",
    "TimeCreated": "2026-04-21 03:14:08.119",
    "EventRecordID": 14525004,
    "TargetUserSid": "S-1-5-21-3815947210-2104511248-1009147533-500",
    "TargetUserName": "domadmin",
    "TargetDomainName": "ENT",
    "TargetLogonId": "0x4f8edaa",
    "LogonType": 9
  },
  {
    "EventID": 4768,
    "Channel": "Security",
    "Computer": "DC01.ent.example.local",
    "TimeCreated": "2026-04-22 09:11:37.226",
    "EventRecordID": 14587209,
    "TargetUserName": "krbtgt",
    "TargetDomainName": "ENT.EXAMPLE.LOCAL",
    "TargetSid": "S-1-5-21-3815947210-2104511248-1009147533-502",
    "ServiceName": "krbtgt",
    "ServiceSid": "S-1-5-21-3815947210-2104511248-1009147533-502",
    "TicketOptions": "0x40810010",
    "Status": "0x0",
    "TicketEncryptionType": "0x17",
    "PreAuthType": "0",
    "IpAddress": "10.50.10.40",
    "IpPort": "62117"
  },
  {
    "EventID": 4624,
    "Channel": "Security",
    "Computer": "DC01.ent.example.local",
    "TimeCreated": "2026-04-22 09:12:08.443",
    "EventRecordID": 14587311,
    "SubjectUserSid": "S-1-0-0",
    "SubjectUserName": "-",
    "SubjectDomainName": "-",
    "SubjectLogonId": "0x0",
    "TargetUserSid": "S-1-5-21-3815947210-2104511248-1009147533-500",
    "TargetUserName": "domadmin",
    "TargetDomainName": "ENT",
    "TargetLogonId": "0x9881a4c",
    "LogonType": 10,
    "LogonProcessName": "User32 ",
    "AuthenticationPackageName": "Negotiate",
    "WorkstationName": "MGMT-VELO-01",
    "LogonGuid": "{D5C6E813-19A0-4F44-BCAB-7E441DC9F22A}",
    "TransmittedServices": "-",
    "ProcessId": "0x2a8",
    "ProcessName": "C:\\Windows\\System32\\winlogon.exe",
    "IpAddress": "10.50.10.40",
    "IpPort": "62203"
  },
  {
    "EventID": 1102,
    "Channel": "Security",
    "Computer": "MGMT-VELO-01.ent.example.local",
    "TimeCreated": "2026-04-22 09:15:00.881",
    "EventRecordID": 1297443,
    "UserSid": "S-1-5-21-3815947210-2104511248-1009147533-500",
    "UserName": "domadmin",
    "DomainName": "ENT",
    "LogonId": "0x9881a4c"
  }
]
